<?xml version="1.0" encoding="UTF-8"?>
<!-- Generated by org.testng.reporters.JUnitReportReporter -->
<testsuite skipped="0" hostname="INTEL-PC" name="com.crm.qa.testcases.HomePageTest" tests="3" failures="0" timestamp="24 Jun 2018 12:04:38 GMT" time="47.556" errors="0">
  <testcase name="testHomePageTitle" time="15.745" classname="com.crm.qa.testcases.HomePageTest"/>
  <testcase name="testUserNameLabel" time="17.429" classname="com.crm.qa.testcases.HomePageTest"/>
  <testcase name="testContactsLink" time="14.382" classname="com.crm.qa.testcases.HomePageTest"/>
</testsuite> <!-- com.crm.qa.testcases.HomePageTest -->
