<?xml version="1.0" encoding="UTF-8"?>
<!-- Generated by org.testng.reporters.JUnitReportReporter -->
<testsuite skipped="0" hostname="INTEL-PC" name="com.crm.qa.testcases.LoginPageTest" tests="3" failures="0" timestamp="24 Jun 2018 12:04:38 GMT" time="30.377" errors="0">
  <testcase name="testLoginPageTitle" time="9.464" classname="com.crm.qa.testcases.LoginPageTest"/>
  <testcase name="testCRMLogoInLoginPage" time="8.464" classname="com.crm.qa.testcases.LoginPageTest"/>
  <testcase name="testLogin" time="12.449" classname="com.crm.qa.testcases.LoginPageTest"/>
</testsuite> <!-- com.crm.qa.testcases.LoginPageTest -->
